<?xml version="1.0" encoding="UTF-8"?>
<!-- Generated by org.testng.reporters.JUnitReportReporter -->
<testsuite hostname="LAPTOP-KL152HJO" failures="0" tests="3" name="Test.Demo" time="0.010" errors="0" timestamp="2022-04-22T18:10:14 IST" skipped="0">
  <testcase classname="Test.Demo" name="sample" time="0.001"/>
  <system-out/>
  <testcase classname="Test.Demo" name="addtion" time="0.008"/>
  <system-out/>
  <testcase classname="Test.Demo" name="sample" time="0.001"/>
  <system-out/>
</testsuite> <!-- Test.Demo -->
