<?xml version="1.0" encoding="UTF-8"?>
<!-- Generated by org.testng.reporters.JUnitReportReporter -->
<testsuite hostname="LAPTOP-KL152HJO" failures="0" tests="3" name="Test.Test2" time="0.005" errors="0" timestamp="2022-04-22T17:55:15 IST" skipped="0">
  <testcase classname="Test.Test2" name="game" time="0.001"/>
  <system-out/>
  <testcase classname="Test.Test2" name="jam" time="0.002"/>
  <system-out/>
  <testcase classname="Test.Test2" name="jame" time="0.002"/>
  <system-out/>
</testsuite> <!-- Test.Test2 -->
