<?xml version="1.0" encoding="UTF-8"?>
<!-- Generated by org.testng.reporters.JUnitReportReporter -->
<testsuite hostname="LAPTOP-KL152HJO" failures="0" tests="1" name="Test.Zeroda" time="8.405" errors="0" timestamp="2022-05-04T16:22:43 IST" skipped="0">
  <testcase classname="Test.Zeroda" name="testing1" time="8.405"/>
  <system-out/>
</testsuite> <!-- Test.Zeroda -->
